timestamp: 2012-12-01T12:49:11.195187
CREATE TABLE book(
    douban_bookid INTEGER PRIMARY KEY AUTOINCREMENT,
    douban_title CHAR(512),
    douban_image CHAR(512),
    douban_bookurl CHAR(512),
    douban_apiurl CHAR(512),
    douban_apidata TEXT,
    totalcount INTEGER,
    availablecount INTEGER
);
success!
timestamp: 2012-12-01T12:49:11.322194
CREATE TABLE borrowlog(
    id INTEGER PRIMARY KEY AUTOINCREMENT,
    douban_bookid INTEGER,
    status INTEGER,
    user CHAR(512)
);
success!
timestamp: 2012-12-01T12:49:11.397198
CREATE TABLE doulist(
    id INTEGER PRIMARY KEY AUTOINCREMENT,
    douban_doulistid CHAR(512),
    douban_bookid CHAR(512),
    douban_title CHAR(512),
    douban_image CHAR(512),
    douban_api CHAR(512)
);
success!
timestamp: 2012-12-01T12:49:11.503204
CREATE TABLE auth_user(
    id INTEGER PRIMARY KEY AUTOINCREMENT,
    first_name CHAR(128),
    last_name CHAR(128),
    email CHAR(512),
    password CHAR(512),
    registration_key CHAR(512),
    reset_password_key CHAR(512),
    registration_id CHAR(512)
);
success!
timestamp: 2012-12-01T12:49:11.619211
CREATE TABLE auth_group(
    id INTEGER PRIMARY KEY AUTOINCREMENT,
    role CHAR(512),
    description TEXT
);
success!
timestamp: 2012-12-01T12:49:11.720217
CREATE TABLE auth_membership(
    id INTEGER PRIMARY KEY AUTOINCREMENT,
    user_id INTEGER REFERENCES auth_user (id) ON DELETE CASCADE,
    group_id INTEGER REFERENCES auth_group (id) ON DELETE CASCADE
);
success!
timestamp: 2012-12-01T12:49:11.839224
CREATE TABLE auth_permission(
    id INTEGER PRIMARY KEY AUTOINCREMENT,
    group_id INTEGER REFERENCES auth_group (id) ON DELETE CASCADE,
    name CHAR(512),
    table_name CHAR(512),
    record_id INTEGER
);
success!
timestamp: 2012-12-01T12:49:11.943230
CREATE TABLE auth_event(
    id INTEGER PRIMARY KEY AUTOINCREMENT,
    time_stamp TIMESTAMP,
    client_ip CHAR(512),
    user_id INTEGER REFERENCES auth_user (id) ON DELETE CASCADE,
    origin CHAR(512),
    description TEXT
);
success!
timestamp: 2012-12-01T12:49:12.045235
CREATE TABLE auth_cas(
    id INTEGER PRIMARY KEY AUTOINCREMENT,
    user_id INTEGER REFERENCES auth_user (id) ON DELETE CASCADE,
    created_on TIMESTAMP,
    service CHAR(512),
    ticket CHAR(512),
    renew CHAR(1)
);
success!
